{"/home/luis/Projetos/projeto_20_/my-app-back/src/app.ts": {"path":"/home/luis/Projetos/projeto_20_/my-app-back/src/app.ts","statementMap":{"0":{"start":{"line":7,"column":12},"end":{"line":7,"column":21}},"1":{"start":{"line":8,"column":0},"end":{"line":8,"column":16}},"2":{"start":{"line":9,"column":0},"end":{"line":9,"column":16}},"3":{"start":{"line":10,"column":0},"end":{"line":10,"column":16}},"4":{"start":{"line":11,"column":0},"end":{"line":11,"column":32}}},"fnMap":{},"branchMap":{},"s":{"0":1,"1":1,"2":1,"3":1,"4":1},"f":{},"b":{}}
,"/home/luis/Projetos/projeto_20_/my-app-back/src/database.ts": {"path":"/home/luis/Projetos/projeto_20_/my-app-back/src/database.ts","statementMap":{"0":{"start":{"line":3,"column":25},"end":{"line":3,"column":28}},"1":{"start":{"line":4,"column":22},"end":{"line":4,"column":40}}},"fnMap":{},"branchMap":{},"s":{"0":2,"1":2},"f":{},"b":{}}
,"/home/luis/Projetos/projeto_20_/my-app-back/src/controllers/userController.ts": {"path":"/home/luis/Projetos/projeto_20_/my-app-back/src/controllers/userController.ts","statementMap":{"0":{"start":{"line":5,"column":15},"end":{"line":5,"column":23}},"1":{"start":{"line":7,"column":2},"end":{"line":7,"column":33}},"2":{"start":{"line":9,"column":2},"end":{"line":9,"column":22}},"3":{"start":{"line":13,"column":15},"end":{"line":13,"column":23}},"4":{"start":{"line":15,"column":19},"end":{"line":15,"column":49}},"5":{"start":{"line":17,"column":2},"end":{"line":17,"column":23}}},"fnMap":{"0":{"name":"signUp","decl":{"start":{"line":4,"column":15},"end":{"line":4,"column":21}},"loc":{"start":{"line":4,"column":49},"end":{"line":10,"column":null}}},"1":{"name":"signIn","decl":{"start":{"line":12,"column":15},"end":{"line":12,"column":21}},"loc":{"start":{"line":12,"column":49},"end":{"line":18,"column":null}}}},"branchMap":{},"s":{"0":1,"1":1,"2":1,"3":1,"4":1,"5":1},"f":{"0":1,"1":1},"b":{}}
,"/home/luis/Projetos/projeto_20_/my-app-back/src/middlewares/errorHandlerMiddleware.ts": {"path":"/home/luis/Projetos/projeto_20_/my-app-back/src/middlewares/errorHandlerMiddleware.ts","statementMap":{"0":{"start":{"line":14,"column":2},"end":{"line":14,"column":19}},"1":{"start":{"line":16,"column":2},"end":{"line":18,"column":null}},"2":{"start":{"line":17,"column":4},"end":{"line":17,"column":73}},"3":{"start":{"line":20,"column":2},"end":{"line":20,"column":29}}},"fnMap":{"0":{"name":"errorHandlerMiddleware","decl":{"start":{"line":8,"column":16},"end":{"line":8,"column":38}},"loc":{"start":{"line":12,"column":20},"end":{"line":21,"column":1}}}},"branchMap":{"0":{"loc":{"start":{"line":16,"column":2},"end":{"line":18,"column":null}},"type":"if","locations":[{"start":{"line":16,"column":2},"end":{"line":18,"column":null}}]}},"s":{"0":0,"1":0,"2":0,"3":0},"f":{"0":0},"b":{"0":[0]}}
,"/home/luis/Projetos/projeto_20_/my-app-back/src/middlewares/validateSchemaMiddleware.ts": {"path":"/home/luis/Projetos/projeto_20_/my-app-back/src/middlewares/validateSchemaMiddleware.ts","statementMap":{"0":{"start":{"line":5,"column":2},"end":{"line":12,"column":4}},"1":{"start":{"line":6,"column":23},"end":{"line":6,"column":48}},"2":{"start":{"line":7,"column":4},"end":{"line":9,"column":null}},"3":{"start":{"line":8,"column":6},"end":{"line":8,"column":71}},"4":{"start":{"line":11,"column":4},"end":{"line":11,"column":11}}},"fnMap":{"0":{"name":"validateSchemaMiddleware","decl":{"start":{"line":4,"column":16},"end":{"line":4,"column":40}},"loc":{"start":{"line":4,"column":61},"end":{"line":13,"column":1}}},"1":{"name":"(anonymous_1)","decl":{"start":{"line":5,"column":9},"end":{"line":5,"column":10}},"loc":{"start":{"line":5,"column":61},"end":{"line":12,"column":3}}}},"branchMap":{"0":{"loc":{"start":{"line":7,"column":4},"end":{"line":9,"column":null}},"type":"if","locations":[{"start":{"line":7,"column":4},"end":{"line":9,"column":null}}]}},"s":{"0":2,"1":7,"2":7,"3":5,"4":2},"f":{"0":2,"1":7},"b":{"0":[5]}}
,"/home/luis/Projetos/projeto_20_/my-app-back/src/repositories/userRepository.ts": {"path":"/home/luis/Projetos/projeto_20_/my-app-back/src/repositories/userRepository.ts","statementMap":{"0":{"start":{"line":5,"column":2},"end":{"line":9,"column":5}},"1":{"start":{"line":13,"column":2},"end":{"line":15,"column":5}}},"fnMap":{"0":{"name":"findByEmail","decl":{"start":{"line":4,"column":15},"end":{"line":4,"column":26}},"loc":{"start":{"line":4,"column":40},"end":{"line":10,"column":null}}},"1":{"name":"insert","decl":{"start":{"line":12,"column":15},"end":{"line":12,"column":21}},"loc":{"start":{"line":12,"column":48},"end":{"line":16,"column":null}}}},"branchMap":{},"s":{"0":2,"1":1},"f":{"0":2,"1":1},"b":{}}
,"/home/luis/Projetos/projeto_20_/my-app-back/src/routers/index.ts": {"path":"/home/luis/Projetos/projeto_20_/my-app-back/src/routers/index.ts","statementMap":{"0":{"start":{"line":4,"column":15},"end":{"line":4,"column":23}},"1":{"start":{"line":6,"column":0},"end":{"line":6,"column":23}}},"fnMap":{},"branchMap":{},"s":{"0":1,"1":1},"f":{},"b":{}}
,"/home/luis/Projetos/projeto_20_/my-app-back/src/routers/userRouter.ts": {"path":"/home/luis/Projetos/projeto_20_/my-app-back/src/routers/userRouter.ts","statementMap":{"0":{"start":{"line":7,"column":19},"end":{"line":7,"column":27}},"1":{"start":{"line":9,"column":0},"end":{"line":9,"column":null}},"2":{"start":{"line":10,"column":0},"end":{"line":10,"column":null}}},"fnMap":{},"branchMap":{},"s":{"0":1,"1":1,"2":1},"f":{},"b":{}}
,"/home/luis/Projetos/projeto_20_/my-app-back/src/schemas/signInSchema.ts": {"path":"/home/luis/Projetos/projeto_20_/my-app-back/src/schemas/signInSchema.ts","statementMap":{"0":{"start":{"line":3,"column":21},"end":{"line":6,"column":2}}},"fnMap":{},"branchMap":{},"s":{"0":1},"f":{},"b":{}}
,"/home/luis/Projetos/projeto_20_/my-app-back/src/schemas/userSchema.ts": {"path":"/home/luis/Projetos/projeto_20_/my-app-back/src/schemas/userSchema.ts","statementMap":{"0":{"start":{"line":3,"column":19},"end":{"line":7,"column":2}}},"fnMap":{},"branchMap":{},"s":{"0":1},"f":{},"b":{}}
,"/home/luis/Projetos/projeto_20_/my-app-back/src/services/userService.ts": {"path":"/home/luis/Projetos/projeto_20_/my-app-back/src/services/userService.ts","statementMap":{"0":{"start":{"line":11,"column":0},"end":{"line":11,"column":16}},"1":{"start":{"line":17,"column":23},"end":{"line":17,"column":77}},"2":{"start":{"line":18,"column":2},"end":{"line":18,"column":64}},"3":{"start":{"line":18,"column":20},"end":{"line":18,"column":64}},"4":{"start":{"line":20,"column":25},"end":{"line":20,"column":58}},"5":{"start":{"line":22,"column":2},"end":{"line":22,"column":79}},"6":{"start":{"line":26,"column":15},"end":{"line":26,"column":45}},"7":{"start":{"line":28,"column":16},"end":{"line":28,"column":69}},"8":{"start":{"line":30,"column":2},"end":{"line":30,"column":23}},"9":{"start":{"line":32,"column":2},"end":{"line":32,"column":26}},"10":{"start":{"line":36,"column":15},"end":{"line":36,"column":64}},"11":{"start":{"line":37,"column":2},"end":{"line":37,"column":60}},"12":{"start":{"line":37,"column":13},"end":{"line":37,"column":60}},"13":{"start":{"line":39,"column":26},"end":{"line":39,"column":76}},"14":{"start":{"line":40,"column":2},"end":{"line":40,"column":71}},"15":{"start":{"line":40,"column":24},"end":{"line":40,"column":71}},"16":{"start":{"line":42,"column":2},"end":{"line":42,"column":14}}},"fnMap":{"0":{"name":"signUp","decl":{"start":{"line":16,"column":15},"end":{"line":16,"column":21}},"loc":{"start":{"line":16,"column":52},"end":{"line":23,"column":null}}},"1":{"name":"signIn","decl":{"start":{"line":25,"column":15},"end":{"line":25,"column":21}},"loc":{"start":{"line":25,"column":46},"end":{"line":33,"column":null}}},"2":{"name":"getUserOrFail","decl":{"start":{"line":35,"column":15},"end":{"line":35,"column":28}},"loc":{"start":{"line":35,"column":53},"end":{"line":43,"column":null}}}},"branchMap":{"0":{"loc":{"start":{"line":18,"column":2},"end":{"line":18,"column":64}},"type":"if","locations":[{"start":{"line":18,"column":2},"end":{"line":18,"column":64}}]},"1":{"loc":{"start":{"line":37,"column":2},"end":{"line":37,"column":60}},"type":"if","locations":[{"start":{"line":37,"column":2},"end":{"line":37,"column":60}}]},"2":{"loc":{"start":{"line":40,"column":2},"end":{"line":40,"column":71}},"type":"if","locations":[{"start":{"line":40,"column":2},"end":{"line":40,"column":71}}]}},"s":{"0":2,"1":2,"2":2,"3":1,"4":1,"5":1,"6":3,"7":1,"8":1,"9":1,"10":3,"11":3,"12":1,"13":2,"14":2,"15":1,"16":1},"f":{"0":2,"1":3,"2":3},"b":{"0":[1],"1":[1],"2":[1]}}
,"/home/luis/Projetos/projeto_20_/my-app-back/src/utils/errorUtils.ts": {"path":"/home/luis/Projetos/projeto_20_/my-app-back/src/utils/errorUtils.ts","statementMap":{"0":{"start":{"line":8,"column":2},"end":{"line":8,"column":48}},"1":{"start":{"line":12,"column":2},"end":{"line":12,"column":38}},"2":{"start":{"line":12,"column":27},"end":{"line":12,"column":38}},"3":{"start":{"line":13,"column":2},"end":{"line":13,"column":39}},"4":{"start":{"line":13,"column":28},"end":{"line":13,"column":39}},"5":{"start":{"line":14,"column":2},"end":{"line":14,"column":42}},"6":{"start":{"line":14,"column":31},"end":{"line":14,"column":42}},"7":{"start":{"line":15,"column":2},"end":{"line":15,"column":42}},"8":{"start":{"line":15,"column":31},"end":{"line":15,"column":42}},"9":{"start":{"line":16,"column":2},"end":{"line":16,"column":13}},"10":{"start":{"line":20,"column":2},"end":{"line":20,"column":39}},"11":{"start":{"line":24,"column":2},"end":{"line":24,"column":40}},"12":{"start":{"line":28,"column":2},"end":{"line":28,"column":43}},"13":{"start":{"line":32,"column":2},"end":{"line":32,"column":43}}},"fnMap":{"0":{"name":"isAppError","decl":{"start":{"line":7,"column":16},"end":{"line":7,"column":26}},"loc":{"start":{"line":7,"column":40},"end":{"line":9,"column":1}}},"1":{"name":"errorTypeToStatusCode","decl":{"start":{"line":11,"column":16},"end":{"line":11,"column":37}},"loc":{"start":{"line":11,"column":57},"end":{"line":17,"column":1}}},"2":{"name":"conflictError","decl":{"start":{"line":19,"column":16},"end":{"line":19,"column":29}},"loc":{"start":{"line":19,"column":46},"end":{"line":21,"column":1}}},"3":{"name":"notFoundError","decl":{"start":{"line":23,"column":16},"end":{"line":23,"column":29}},"loc":{"start":{"line":23,"column":46},"end":{"line":25,"column":1}}},"4":{"name":"unauthorizedError","decl":{"start":{"line":27,"column":16},"end":{"line":27,"column":33}},"loc":{"start":{"line":27,"column":50},"end":{"line":29,"column":1}}},"5":{"name":"wrongSchemaError","decl":{"start":{"line":31,"column":16},"end":{"line":31,"column":32}},"loc":{"start":{"line":31,"column":49},"end":{"line":33,"column":1}}}},"branchMap":{"0":{"loc":{"start":{"line":12,"column":2},"end":{"line":12,"column":38}},"type":"if","locations":[{"start":{"line":12,"column":2},"end":{"line":12,"column":38}}]},"1":{"loc":{"start":{"line":13,"column":2},"end":{"line":13,"column":39}},"type":"if","locations":[{"start":{"line":13,"column":2},"end":{"line":13,"column":39}}]},"2":{"loc":{"start":{"line":14,"column":2},"end":{"line":14,"column":42}},"type":"if","locations":[{"start":{"line":14,"column":2},"end":{"line":14,"column":42}}]},"3":{"loc":{"start":{"line":15,"column":2},"end":{"line":15,"column":42}},"type":"if","locations":[{"start":{"line":15,"column":2},"end":{"line":15,"column":42}}]}},"s":{"0":0,"1":0,"2":0,"3":0,"4":0,"5":0,"6":0,"7":0,"8":0,"9":0,"10":2,"11":0,"12":4,"13":0},"f":{"0":0,"1":0,"2":2,"3":0,"4":4,"5":0},"b":{"0":[0],"1":[0],"2":[0],"3":[0]}}
,"/home/luis/Projetos/projeto_20_/my-app-back/src/utils/hashDataUtils.ts": {"path":"/home/luis/Projetos/projeto_20_/my-app-back/src/utils/hashDataUtils.ts","statementMap":{"0":{"start":{"line":4,"column":21},"end":{"line":4,"column":46}},"1":{"start":{"line":6,"column":2},"end":{"line":6,"column":20}},"2":{"start":{"line":10,"column":23},"end":{"line":10,"column":59}},"3":{"start":{"line":12,"column":2},"end":{"line":12,"column":null}}},"fnMap":{"0":{"name":"hashData","decl":{"start":{"line":3,"column":16},"end":{"line":3,"column":24}},"loc":{"start":{"line":3,"column":37},"end":{"line":7,"column":1}}},"1":{"name":"compareHashData","decl":{"start":{"line":9,"column":16},"end":{"line":9,"column":31}},"loc":{"start":{"line":9,"column":64},"end":{"line":13,"column":1}}}},"branchMap":{},"s":{"0":4,"1":4,"2":2,"3":2},"f":{"0":4,"1":2},"b":{}}
,"/home/luis/Projetos/projeto_20_/my-app-back/tests/factories/userBodyFactory.ts": {"path":"/home/luis/Projetos/projeto_20_/my-app-back/tests/factories/userBodyFactory.ts","statementMap":{"0":{"start":{"line":5,"column":2},"end":{"line":9,"column":4}}},"fnMap":{"0":{"name":"userBodyFactory","decl":{"start":{"line":4,"column":16},"end":{"line":4,"column":31}},"loc":{"start":{"line":4,"column":31},"end":{"line":10,"column":1}}}},"branchMap":{},"s":{"0":10},"f":{"0":10},"b":{}}
,"/home/luis/Projetos/projeto_20_/my-app-back/tests/factories/userFactory.ts": {"path":"/home/luis/Projetos/projeto_20_/my-app-back/tests/factories/userFactory.ts","statementMap":{"0":{"start":{"line":6,"column":2},"end":{"line":12,"column":null}}},"fnMap":{"0":{"name":"userFactory","decl":{"start":{"line":5,"column":22},"end":{"line":5,"column":33}},"loc":{"start":{"line":5,"column":54},"end":{"line":13,"column":null}}}},"branchMap":{},"s":{"0":3},"f":{"0":3},"b":{}}
}
