TN:
SF:src/app.ts
FNF:0
FNH:0
DA:7,1
DA:8,1
DA:9,1
DA:10,1
DA:11,1
LF:5
LH:5
BRF:0
BRH:0
end_of_record
TN:
SF:src/database.ts
FNF:0
FNH:0
DA:3,2
DA:4,2
LF:2
LH:2
BRF:0
BRH:0
end_of_record
TN:
SF:src/controllers/userController.ts
FN:4,signUp
FN:12,signIn
FNF:2
FNH:2
FNDA:1,signUp
FNDA:1,signIn
DA:5,1
DA:7,1
DA:9,1
DA:13,1
DA:15,1
DA:17,1
LF:6
LH:6
BRF:0
BRH:0
end_of_record
TN:
SF:src/middlewares/errorHandlerMiddleware.ts
FN:8,errorHandlerMiddleware
FNF:1
FNH:0
FNDA:0,errorHandlerMiddleware
DA:14,0
DA:16,0
DA:17,0
DA:20,0
LF:4
LH:0
BRDA:16,0,0,0
BRF:1
BRH:0
end_of_record
TN:
SF:src/middlewares/validateSchemaMiddleware.ts
FN:4,validateSchemaMiddleware
FN:5,(anonymous_1)
FNF:2
FNH:2
FNDA:2,validateSchemaMiddleware
FNDA:7,(anonymous_1)
DA:5,2
DA:6,7
DA:7,7
DA:8,5
DA:11,2
LF:5
LH:5
BRDA:7,0,0,5
BRF:1
BRH:1
end_of_record
TN:
SF:src/repositories/userRepository.ts
FN:4,findByEmail
FN:12,insert
FNF:2
FNH:2
FNDA:2,findByEmail
FNDA:1,insert
DA:5,2
DA:13,1
LF:2
LH:2
BRF:0
BRH:0
end_of_record
TN:
SF:src/routers/index.ts
FNF:0
FNH:0
DA:4,1
DA:6,1
LF:2
LH:2
BRF:0
BRH:0
end_of_record
TN:
SF:src/routers/userRouter.ts
FNF:0
FNH:0
DA:7,1
DA:9,1
DA:10,1
LF:3
LH:3
BRF:0
BRH:0
end_of_record
TN:
SF:src/schemas/signInSchema.ts
FNF:0
FNH:0
DA:3,1
LF:1
LH:1
BRF:0
BRH:0
end_of_record
TN:
SF:src/schemas/userSchema.ts
FNF:0
FNH:0
DA:3,1
LF:1
LH:1
BRF:0
BRH:0
end_of_record
TN:
SF:src/services/userService.ts
FN:16,signUp
FN:25,signIn
FN:35,getUserOrFail
FNF:3
FNH:3
FNDA:2,signUp
FNDA:3,signIn
FNDA:3,getUserOrFail
DA:11,2
DA:17,2
DA:18,2
DA:20,1
DA:22,1
DA:26,3
DA:28,1
DA:30,1
DA:32,1
DA:36,3
DA:37,3
DA:39,2
DA:40,2
DA:42,1
LF:14
LH:14
BRDA:18,0,0,1
BRDA:37,1,0,1
BRDA:40,2,0,1
BRF:3
BRH:3
end_of_record
TN:
SF:src/utils/errorUtils.ts
FN:7,isAppError
FN:11,errorTypeToStatusCode
FN:19,conflictError
FN:23,notFoundError
FN:27,unauthorizedError
FN:31,wrongSchemaError
FNF:6
FNH:2
FNDA:0,isAppError
FNDA:0,errorTypeToStatusCode
FNDA:2,conflictError
FNDA:0,notFoundError
FNDA:4,unauthorizedError
FNDA:0,wrongSchemaError
DA:8,0
DA:12,0
DA:13,0
DA:14,0
DA:15,0
DA:16,0
DA:20,2
DA:24,0
DA:28,4
DA:32,0
LF:10
LH:2
BRDA:12,0,0,0
BRDA:13,1,0,0
BRDA:14,2,0,0
BRDA:15,3,0,0
BRF:4
BRH:0
end_of_record
TN:
SF:src/utils/hashDataUtils.ts
FN:3,hashData
FN:9,compareHashData
FNF:2
FNH:2
FNDA:4,hashData
FNDA:2,compareHashData
DA:4,4
DA:6,4
DA:10,2
DA:12,2
LF:4
LH:4
BRF:0
BRH:0
end_of_record
TN:
SF:tests/factories/userBodyFactory.ts
FN:4,userBodyFactory
FNF:1
FNH:1
FNDA:10,userBodyFactory
DA:5,10
LF:1
LH:1
BRF:0
BRH:0
end_of_record
TN:
SF:tests/factories/userFactory.ts
FN:5,userFactory
FNF:1
FNH:1
FNDA:3,userFactory
DA:6,3
LF:1
LH:1
BRF:0
BRH:0
end_of_record
